[0225/175823.390:WARNING:spdy_session.cc(3365)] Received HEADERS for invalid stream 11
[0225/175823.390:WARNING:spdy_session.cc(3365)] Received HEADERS for invalid stream 15
[0225/175823.390:WARNING:spdy_session.cc(3365)] Received HEADERS for invalid stream 13
[0225/175823.390:WARNING:spdy_session.cc(3365)] Received HEADERS for invalid stream 7
[0225/175823.390:WARNING:spdy_session.cc(3365)] Received HEADERS for invalid stream 9
[0225/175827.630:ERROR:audio_rtp_receiver.cc(89)] AudioRtpReceiver::OnSetVolume: No audio channel exists.
[0225/175827.630:WARNING:used_ids.h(55)] Duplicate id found. Reassigning from 104 to 127
[0225/175827.630:WARNING:used_ids.h(55)] Duplicate id found. Reassigning from 102 to 125
[0225/175827.630:WARNING:used_ids.h(55)] Duplicate id found. Reassigning from 104 to 124
[0225/175827.630:WARNING:used_ids.h(55)] Duplicate id found. Reassigning from 106 to 123
[0225/175827.630:WARNING:used_ids.h(55)] Duplicate id found. Reassigning from 103 to 122
[0225/175827.630:WARNING:used_ids.h(55)] Duplicate id found. Reassigning from 105 to 121
[0225/175827.630:WARNING:used_ids.h(55)] Duplicate id found. Reassigning from 109 to 120
[0225/175827.631:WARNING:used_ids.h(55)] Duplicate id found. Reassigning from 1 to 14
[0225/175827.631:WARNING:used_ids.h(55)] Duplicate id found. Reassigning from 3 to 13
[0225/175827.631:WARNING:used_ids.h(55)] Duplicate id found. Reassigning from 5 to 12
[0225/175827.631:WARNING:used_ids.h(55)] Duplicate id found. Reassigning from 6 to 11
[0225/175841.154:ERROR:audio_rtp_receiver.cc(89)] AudioRtpReceiver::OnSetVolume: No audio channel exists.
[0225/175841.154:WARNING:used_ids.h(55)] Duplicate id found. Reassigning from 104 to 127
[0225/175841.154:WARNING:used_ids.h(55)] Duplicate id found. Reassigning from 102 to 125
[0225/175841.154:WARNING:used_ids.h(55)] Duplicate id found. Reassigning from 104 to 124
[0225/175841.154:WARNING:used_ids.h(55)] Duplicate id found. Reassigning from 106 to 123
[0225/175841.154:WARNING:used_ids.h(55)] Duplicate id found. Reassigning from 103 to 122
[0225/175841.154:WARNING:used_ids.h(55)] Duplicate id found. Reassigning from 105 to 121
[0225/175841.154:WARNING:used_ids.h(55)] Duplicate id found. Reassigning from 109 to 120
[0225/175841.154:WARNING:used_ids.h(55)] Duplicate id found. Reassigning from 1 to 14
[0225/175841.154:WARNING:used_ids.h(55)] Duplicate id found. Reassigning from 3 to 13
[0225/175841.154:WARNING:used_ids.h(55)] Duplicate id found. Reassigning from 5 to 12
[0225/175841.154:WARNING:used_ids.h(55)] Duplicate id found. Reassigning from 6 to 11
[0225/175900.773:ERROR:audio_rtp_receiver.cc(89)] AudioRtpReceiver::OnSetVolume: No audio channel exists.
[0225/175900.773:WARNING:used_ids.h(55)] Duplicate id found. Reassigning from 104 to 127
[0225/175900.773:WARNING:used_ids.h(55)] Duplicate id found. Reassigning from 102 to 125
[0225/175900.773:WARNING:used_ids.h(55)] Duplicate id found. Reassigning from 104 to 124
[0225/175900.773:WARNING:used_ids.h(55)] Duplicate id found. Reassigning from 106 to 123
[0225/175900.773:WARNING:used_ids.h(55)] Duplicate id found. Reassigning from 103 to 122
[0225/175900.773:WARNING:used_ids.h(55)] Duplicate id found. Reassigning from 105 to 121
[0225/175900.773:WARNING:used_ids.h(55)] Duplicate id found. Reassigning from 109 to 120
[0225/175900.773:WARNING:used_ids.h(55)] Duplicate id found. Reassigning from 1 to 14
[0225/175900.773:WARNING:used_ids.h(55)] Duplicate id found. Reassigning from 3 to 13
[0225/175900.773:WARNING:used_ids.h(55)] Duplicate id found. Reassigning from 5 to 12
[0225/175900.773:WARNING:used_ids.h(55)] Duplicate id found. Reassigning from 6 to 11
[0225/175921.007:ERROR:batching_media_log.cc(38)] MediaEvent: {"error":"FFmpegDemuxer: no supported streams"}
[0225/175921.007:ERROR:batching_media_log.cc(35)] MediaEvent: {"pipeline_error":14}
[0225/175927.165:ERROR:batching_media_log.cc(38)] MediaEvent: {"error":"FFmpegDemuxer: no supported streams"}
[0225/175927.165:ERROR:batching_media_log.cc(35)] MediaEvent: {"pipeline_error":14}
